  [1m[35m (1.7ms)[0m  [1m[35mCREATE DATABASE "gb_ksenia_development" ENCODING = 'unicode'[0m
  ↳ /home/ksenia/.rvm/gems/ruby-2.4.0/bin/rake:23
  [1m[35m (270.1ms)[0m  [1m[35mCREATE DATABASE "gb_ksenia_development" ENCODING = 'unicode'[0m
  ↳ /home/ksenia/.rvm/gems/ruby-2.4.0/bin/rake:23
  [1m[35m (257.2ms)[0m  [1m[35mCREATE DATABASE "gb_ksenia_test" ENCODING = 'unicode'[0m
  ↳ /home/ksenia/.rvm/gems/ruby-2.4.0/bin/rake:23
Started GET "/" for 127.0.0.1 at 2018-10-25 21:38:21 +0300
Processing by Rails::WelcomeController#index as HTML
  Rendering /home/ksenia/.rvm/gems/ruby-2.4.0/gems/railties-5.2.1/lib/rails/templates/rails/welcome/index.html.erb
  Rendered /home/ksenia/.rvm/gems/ruby-2.4.0/gems/railties-5.2.1/lib/rails/templates/rails/welcome/index.html.erb (2.8ms)
Completed 200 OK in 17ms (Views: 7.1ms | ActiveRecord: 0.0ms)


Started GET "/" for 127.0.0.1 at 2018-11-02 21:35:19 +0300
Processing by PagesController#home as HTML
  Rendering pages/home.html.slim within layouts/application
  Rendered pages/home.html.slim within layouts/application (6682.0ms)
Completed 200 OK in 6799ms (Views: 6790.2ms | ActiveRecord: 0.0ms)


Started GET "/contacts" for 127.0.0.1 at 2018-11-02 21:35:29 +0300
Processing by PagesController#contacts as HTML
  Rendering pages/contacts.html.slim within layouts/application
  Rendered pages/contacts.html.slim within layouts/application (12.0ms)
Completed 200 OK in 50ms (Views: 47.7ms | ActiveRecord: 0.0ms)


Started GET "/" for 127.0.0.1 at 2018-11-02 21:35:31 +0300
Processing by PagesController#home as HTML
  Rendering pages/home.html.slim within layouts/application
  Rendered pages/home.html.slim within layouts/application (9.2ms)
Completed 200 OK in 60ms (Views: 57.7ms | ActiveRecord: 0.0ms)


Started GET "/contacts" for 127.0.0.1 at 2018-11-02 21:35:32 +0300
Processing by PagesController#contacts as HTML
  Rendering pages/contacts.html.slim within layouts/application
  Rendered pages/contacts.html.slim within layouts/application (10.6ms)
Completed 200 OK in 59ms (Views: 57.1ms | ActiveRecord: 0.0ms)


Started GET "/" for 127.0.0.1 at 2018-11-02 21:35:35 +0300
Processing by PagesController#home as HTML
  Rendering pages/home.html.slim within layouts/application
  Rendered pages/home.html.slim within layouts/application (8.7ms)
Completed 200 OK in 61ms (Views: 58.1ms | ActiveRecord: 0.0ms)


Started GET "/contacts" for 127.0.0.1 at 2018-11-02 21:35:37 +0300
Processing by PagesController#contacts as HTML
  Rendering pages/contacts.html.slim within layouts/application
  Rendered pages/contacts.html.slim within layouts/application (11.5ms)
Completed 200 OK in 80ms (Views: 78.6ms | ActiveRecord: 0.0ms)


Started GET "/" for 127.0.0.1 at 2018-11-02 21:35:40 +0300
Processing by PagesController#home as HTML
  Rendering pages/home.html.slim within layouts/application
  Rendered pages/home.html.slim within layouts/application (10.1ms)
Completed 200 OK in 57ms (Views: 55.2ms | ActiveRecord: 0.0ms)


Started GET "/contacts" for 127.0.0.1 at 2018-11-02 21:35:41 +0300
Processing by PagesController#contacts as HTML
  Rendering pages/contacts.html.slim within layouts/application
  Rendered pages/contacts.html.slim within layouts/application (9.5ms)
Completed 200 OK in 59ms (Views: 57.1ms | ActiveRecord: 0.0ms)


Started GET "/" for 127.0.0.1 at 2018-11-02 21:35:42 +0300
Processing by PagesController#home as HTML
  Rendering pages/home.html.slim within layouts/application
  Rendered pages/home.html.slim within layouts/application (9.0ms)
Completed 200 OK in 60ms (Views: 57.9ms | ActiveRecord: 0.0ms)


Started GET "/contacts" for 127.0.0.1 at 2018-11-02 21:35:43 +0300
Processing by PagesController#contacts as HTML
  Rendering pages/contacts.html.slim within layouts/application
  Rendered pages/contacts.html.slim within layouts/application (9.5ms)
Completed 200 OK in 75ms (Views: 72.8ms | ActiveRecord: 0.0ms)


Started GET "/" for 127.0.0.1 at 2018-11-02 21:35:43 +0300
Processing by PagesController#home as HTML
  Rendering pages/home.html.slim within layouts/application
  Rendered pages/home.html.slim within layouts/application (7.2ms)
Completed 200 OK in 50ms (Views: 48.5ms | ActiveRecord: 0.0ms)


Started GET "/contacts" for 127.0.0.1 at 2018-11-02 21:35:44 +0300
Processing by PagesController#contacts as HTML
  Rendering pages/contacts.html.slim within layouts/application
  Rendered pages/contacts.html.slim within layouts/application (7.6ms)
Completed 200 OK in 50ms (Views: 47.9ms | ActiveRecord: 0.0ms)


Started GET "/" for 127.0.0.1 at 2018-11-02 21:42:26 +0300
Processing by PagesController#home as HTML
  Rendering pages/home.html.slim within layouts/application
  Rendered pages/home.html.slim within layouts/application (4.3ms)
Completed 200 OK in 36ms (Views: 34.5ms | ActiveRecord: 0.0ms)


Started GET "/contacts" for 127.0.0.1 at 2018-11-02 21:42:30 +0300
Processing by PagesController#contacts as HTML
  Rendering pages/contacts.html.slim within layouts/application
  Rendered pages/contacts.html.slim within layouts/application (10.8ms)
Completed 200 OK in 49ms (Views: 47.3ms | ActiveRecord: 0.0ms)


Started GET "/" for 127.0.0.1 at 2018-11-02 21:42:33 +0300
Processing by PagesController#home as HTML
  Rendering pages/home.html.slim within layouts/application
  Rendered pages/home.html.slim within layouts/application (8.6ms)
Completed 200 OK in 53ms (Views: 51.0ms | ActiveRecord: 0.0ms)


Started GET "/contacts" for 127.0.0.1 at 2018-11-02 21:42:35 +0300
Processing by PagesController#contacts as HTML
  Rendering pages/contacts.html.slim within layouts/application
  Rendered pages/contacts.html.slim within layouts/application (7.1ms)
Completed 200 OK in 50ms (Views: 48.3ms | ActiveRecord: 0.0ms)


Started GET "/" for 127.0.0.1 at 2018-11-02 22:30:58 +0300
Processing by PagesController#home as HTML
  Rendering pages/home.html.slim within layouts/application
  Rendered pages/home.html.slim within layouts/application (8.2ms)
Completed 200 OK in 52ms (Views: 50.3ms | ActiveRecord: 0.0ms)


Started GET "/contacts" for 127.0.0.1 at 2018-11-02 22:31:01 +0300
Processing by PagesController#contacts as HTML
  Rendering pages/contacts.html.slim within layouts/application
  Rendered pages/contacts.html.slim within layouts/application (7.8ms)
Completed 200 OK in 51ms (Views: 48.8ms | ActiveRecord: 0.0ms)


Started GET "/" for 127.0.0.1 at 2018-11-02 22:31:02 +0300
Processing by PagesController#home as HTML
  Rendering pages/home.html.slim within layouts/application
  Rendered pages/home.html.slim within layouts/application (7.4ms)
Completed 200 OK in 58ms (Views: 56.5ms | ActiveRecord: 0.0ms)


Started GET "/contacts" for 127.0.0.1 at 2018-11-02 22:31:03 +0300
Processing by PagesController#contacts as HTML
  Rendering pages/contacts.html.slim within layouts/application
  Rendered pages/contacts.html.slim within layouts/application (6.9ms)
Completed 200 OK in 47ms (Views: 45.1ms | ActiveRecord: 0.0ms)


Started GET "/" for 127.0.0.1 at 2018-11-02 22:31:06 +0300
Processing by PagesController#home as HTML
  Rendering pages/home.html.slim within layouts/application
  Rendered pages/home.html.slim within layouts/application (8.7ms)
Completed 200 OK in 52ms (Views: 51.0ms | ActiveRecord: 0.0ms)


Started GET "/contacts" for 127.0.0.1 at 2018-11-02 22:31:12 +0300
Processing by PagesController#contacts as HTML
  Rendering pages/contacts.html.slim within layouts/application
  Rendered pages/contacts.html.slim within layouts/application (8.1ms)
Completed 200 OK in 50ms (Views: 48.1ms | ActiveRecord: 0.0ms)


Started GET "/" for 127.0.0.1 at 2018-11-03 10:00:39 +0300
Processing by PagesController#home as HTML
  Rendering pages/home.html.slim within layouts/application
  Rendered pages/home.html.slim within layouts/application (8.5ms)
Completed 200 OK in 53ms (Views: 51.5ms | ActiveRecord: 0.0ms)


Started GET "/contacts" for 127.0.0.1 at 2018-11-03 10:00:45 +0300
Processing by PagesController#contacts as HTML
  Rendering pages/contacts.html.slim within layouts/application
  Rendered pages/contacts.html.slim within layouts/application (6.7ms)
Completed 200 OK in 52ms (Views: 50.5ms | ActiveRecord: 0.0ms)


Started GET "/" for 127.0.0.1 at 2018-11-03 10:00:48 +0300
Processing by PagesController#home as HTML
  Rendering pages/home.html.slim within layouts/application
  Rendered pages/home.html.slim within layouts/application (7.1ms)
Completed 200 OK in 50ms (Views: 48.5ms | ActiveRecord: 0.0ms)


Started GET "/contacts" for 127.0.0.1 at 2018-11-03 10:00:50 +0300
Processing by PagesController#contacts as HTML
  Rendering pages/contacts.html.slim within layouts/application
  Rendered pages/contacts.html.slim within layouts/application (7.4ms)
Completed 200 OK in 49ms (Views: 47.6ms | ActiveRecord: 0.0ms)


Started GET "/" for 127.0.0.1 at 2018-11-03 10:00:53 +0300
Processing by PagesController#home as HTML
  Rendering pages/home.html.slim within layouts/application
  Rendered pages/home.html.slim within layouts/application (9.0ms)
Completed 200 OK in 52ms (Views: 49.1ms | ActiveRecord: 0.0ms)


Started GET "/contacts" for 127.0.0.1 at 2018-11-03 10:46:18 +0300
Processing by PagesController#contacts as HTML
  Rendering pages/contacts.html.slim within layouts/application
  Rendered pages/contacts.html.slim within layouts/application (4.6ms)
Completed 200 OK in 47ms (Views: 45.9ms | ActiveRecord: 0.0ms)


Started GET "/" for 127.0.0.1 at 2018-11-03 10:46:22 +0300
Processing by PagesController#home as HTML
  Rendering pages/home.html.slim within layouts/application
  Rendered pages/home.html.slim within layouts/application (8.5ms)
Completed 200 OK in 48ms (Views: 46.5ms | ActiveRecord: 0.0ms)


Started GET "/contacts" for 127.0.0.1 at 2018-11-03 10:46:27 +0300
Processing by PagesController#contacts as HTML
  Rendering pages/contacts.html.slim within layouts/application
  Rendered pages/contacts.html.slim within layouts/application (8.6ms)
Completed 200 OK in 48ms (Views: 46.7ms | ActiveRecord: 0.0ms)


Started GET "/" for 127.0.0.1 at 2018-11-03 10:46:32 +0300
Processing by PagesController#home as HTML
  Rendering pages/home.html.slim within layouts/application
  Rendered pages/home.html.slim within layouts/application (7.6ms)
Completed 200 OK in 50ms (Views: 47.4ms | ActiveRecord: 0.0ms)


Started GET "/" for 127.0.0.1 at 2018-11-05 18:50:20 +0300
Processing by PagesController#home as HTML
  Rendering pages/home.html.slim within layouts/application
  Rendered pages/home.html.slim within layouts/application (389.1ms)
Completed 200 OK in 446ms (Views: 437.6ms | ActiveRecord: 0.0ms)


Started GET "/contacts" for 127.0.0.1 at 2018-11-05 18:50:25 +0300
Processing by PagesController#contacts as HTML
  Rendering pages/contacts.html.slim within layouts/application
  Rendered pages/contacts.html.slim within layouts/application (6.6ms)
Completed 200 OK in 42ms (Views: 40.2ms | ActiveRecord: 0.0ms)


Started GET "/" for 127.0.0.1 at 2018-11-05 18:50:26 +0300
Processing by PagesController#home as HTML
  Rendering pages/home.html.slim within layouts/application
  Rendered pages/home.html.slim within layouts/application (9.7ms)
Completed 200 OK in 48ms (Views: 46.5ms | ActiveRecord: 0.0ms)


Started GET "/contacts" for 127.0.0.1 at 2018-11-05 18:50:27 +0300
Processing by PagesController#contacts as HTML
  Rendering pages/contacts.html.slim within layouts/application
  Rendered pages/contacts.html.slim within layouts/application (7.0ms)
Completed 200 OK in 43ms (Views: 40.8ms | ActiveRecord: 0.0ms)


Started GET "/" for 127.0.0.1 at 2018-11-05 18:50:30 +0300
Processing by PagesController#home as HTML
  Rendering pages/home.html.slim within layouts/application
  Rendered pages/home.html.slim within layouts/application (6.9ms)
Completed 200 OK in 44ms (Views: 42.6ms | ActiveRecord: 0.0ms)


Started GET "/contacts" for 127.0.0.1 at 2018-11-05 18:50:32 +0300
Processing by PagesController#contacts as HTML
  Rendering pages/contacts.html.slim within layouts/application
  Rendered pages/contacts.html.slim within layouts/application (7.0ms)
Completed 200 OK in 44ms (Views: 42.1ms | ActiveRecord: 0.0ms)


Started GET "/" for 127.0.0.1 at 2018-11-05 18:50:33 +0300
Processing by PagesController#home as HTML
  Rendering pages/home.html.slim within layouts/application
  Rendered pages/home.html.slim within layouts/application (9.1ms)
Completed 200 OK in 57ms (Views: 55.4ms | ActiveRecord: 0.0ms)


Started GET "/contacts" for 127.0.0.1 at 2018-11-05 18:50:34 +0300
Processing by PagesController#contacts as HTML
  Rendering pages/contacts.html.slim within layouts/application
  Rendered pages/contacts.html.slim within layouts/application (6.7ms)
Completed 200 OK in 43ms (Views: 41.0ms | ActiveRecord: 0.0ms)


Started GET "/" for 127.0.0.1 at 2018-11-05 18:50:35 +0300
Processing by PagesController#home as HTML
  Rendering pages/home.html.slim within layouts/application
  Rendered pages/home.html.slim within layouts/application (6.7ms)
Completed 200 OK in 47ms (Views: 44.9ms | ActiveRecord: 0.0ms)


Started GET "/contacts" for 127.0.0.1 at 2018-11-05 18:50:36 +0300
Processing by PagesController#contacts as HTML
  Rendering pages/contacts.html.slim within layouts/application
  Rendered pages/contacts.html.slim within layouts/application (7.0ms)
Completed 200 OK in 45ms (Views: 43.3ms | ActiveRecord: 0.0ms)


Started GET "/" for 127.0.0.1 at 2018-11-05 18:50:37 +0300
Processing by PagesController#home as HTML
  Rendering pages/home.html.slim within layouts/application
  Rendered pages/home.html.slim within layouts/application (7.2ms)
Completed 200 OK in 44ms (Views: 42.1ms | ActiveRecord: 0.0ms)


Started GET "/" for 127.0.0.1 at 2018-11-05 18:59:55 +0300
Processing by PagesController#home as HTML
  Rendering pages/home.html.slim within layouts/application
  Rendered pages/home.html.slim within layouts/application (8.9ms)
Completed 200 OK in 46ms (Views: 44.5ms | ActiveRecord: 0.0ms)


Started GET "/" for 127.0.0.1 at 2018-11-05 19:02:34 +0300
Processing by PagesController#home as HTML
  Rendering pages/home.html.slim within layouts/application
  Rendered pages/home.html.slim within layouts/application (7.2ms)
Completed 200 OK in 53ms (Views: 51.6ms | ActiveRecord: 0.0ms)


Started GET "/" for 127.0.0.1 at 2018-11-05 19:11:53 +0300
Processing by PagesController#home as HTML
  Rendering pages/home.html.slim within layouts/application
  Rendered pages/home.html.slim within layouts/application (5.5ms)
Completed 200 OK in 43ms (Views: 41.7ms | ActiveRecord: 0.0ms)


